Detecting C [-std=c11] compiler features failed to compile with the following output:
Change Dir: /home/chen/project/fl-slam/build/CMakeFiles/CMakeTmp

Run Build Command:"/usr/bin/make" "cmTC_2de55/fast"
/usr/bin/make -f CMakeFiles/cmTC_2de55.dir/build.make CMakeFiles/cmTC_2de55.dir/build
make[1]: Entering directory '/home/chen/project/fl-slam/build/CMakeFiles/CMakeTmp'
Building C object CMakeFiles/cmTC_2de55.dir/feature_tests.c.o
/usr/bin/c89-gcc   -std=c11 -o CMakeFiles/cmTC_2de55.dir/feature_tests.c.o   -c /home/chen/project/fl-slam/build/CMakeFiles/feature_tests.c
c89-gcc called with non ANSI/ISO C option -std=c11
CMakeFiles/cmTC_2de55.dir/build.make:65: recipe for target 'CMakeFiles/cmTC_2de55.dir/feature_tests.c.o' failed
make[1]: *** [CMakeFiles/cmTC_2de55.dir/feature_tests.c.o] Error 1
make[1]: Leaving directory '/home/chen/project/fl-slam/build/CMakeFiles/CMakeTmp'
Makefile:126: recipe for target 'cmTC_2de55/fast' failed
make: *** [cmTC_2de55/fast] Error 2



Determining if the pthread_create exist failed with the following output:
Change Dir: /home/chen/project/fl-slam/build/CMakeFiles/CMakeTmp

Run Build Command:"/usr/bin/make" "cmTC_d656f/fast"
/usr/bin/make -f CMakeFiles/cmTC_d656f.dir/build.make CMakeFiles/cmTC_d656f.dir/build
make[1]: Entering directory '/home/chen/project/fl-slam/build/CMakeFiles/CMakeTmp'
Building C object CMakeFiles/cmTC_d656f.dir/CheckSymbolExists.c.o
/usr/bin/c89-gcc    -o CMakeFiles/cmTC_d656f.dir/CheckSymbolExists.c.o   -c /home/chen/project/fl-slam/build/CMakeFiles/CMakeTmp/CheckSymbolExists.c
Linking C executable cmTC_d656f
/usr/bin/cmake -E cmake_link_script CMakeFiles/cmTC_d656f.dir/link.txt --verbose=1
/usr/bin/c89-gcc      CMakeFiles/cmTC_d656f.dir/CheckSymbolExists.c.o  -o cmTC_d656f 
CMakeFiles/cmTC_d656f.dir/CheckSymbolExists.c.o: In function `main':
CheckSymbolExists.c:(.text+0x1b): undefined reference to `pthread_create'
collect2: error: ld returned 1 exit status
CMakeFiles/cmTC_d656f.dir/build.make:97: recipe for target 'cmTC_d656f' failed
make[1]: *** [cmTC_d656f] Error 1
make[1]: Leaving directory '/home/chen/project/fl-slam/build/CMakeFiles/CMakeTmp'
Makefile:126: recipe for target 'cmTC_d656f/fast' failed
make: *** [cmTC_d656f/fast] Error 2

File /home/chen/project/fl-slam/build/CMakeFiles/CMakeTmp/CheckSymbolExists.c:
/* */
#include <pthread.h>

int main(int argc, char** argv)
{
  (void)argv;
#ifndef pthread_create
  return ((int*)(&pthread_create))[argc];
#else
  (void)argc;
  return 0;
#endif
}

Determining if the function pthread_create exists in the pthreads failed with the following output:
Change Dir: /home/chen/project/fl-slam/build/CMakeFiles/CMakeTmp

Run Build Command:"/usr/bin/make" "cmTC_cd842/fast"
/usr/bin/make -f CMakeFiles/cmTC_cd842.dir/build.make CMakeFiles/cmTC_cd842.dir/build
make[1]: Entering directory '/home/chen/project/fl-slam/build/CMakeFiles/CMakeTmp'
Building C object CMakeFiles/cmTC_cd842.dir/CheckFunctionExists.c.o
/usr/bin/c89-gcc   -DCHECK_FUNCTION_EXISTS=pthread_create   -o CMakeFiles/cmTC_cd842.dir/CheckFunctionExists.c.o   -c /usr/share/cmake-3.10/Modules/CheckFunctionExists.c
Linking C executable cmTC_cd842
/usr/bin/cmake -E cmake_link_script CMakeFiles/cmTC_cd842.dir/link.txt --verbose=1
/usr/bin/c89-gcc  -DCHECK_FUNCTION_EXISTS=pthread_create    CMakeFiles/cmTC_cd842.dir/CheckFunctionExists.c.o  -o cmTC_cd842 -lpthreads 
/usr/bin/ld: cannot find -lpthreads
collect2: error: ld returned 1 exit status
CMakeFiles/cmTC_cd842.dir/build.make:97: recipe for target 'cmTC_cd842' failed
make[1]: *** [cmTC_cd842] Error 1
make[1]: Leaving directory '/home/chen/project/fl-slam/build/CMakeFiles/CMakeTmp'
Makefile:126: recipe for target 'cmTC_cd842/fast' failed
make: *** [cmTC_cd842/fast] Error 2


